connected to:COM5Accelerometer:[1.53, 10.32, 2.51]
Servo in:[90, 90, 90, 90, 90, 90, 1]
Accelerometer:[0.24, 9.89, 2.55]
Servo in:[90, 90, 90, 90, 90, 90, 1]
Accelerometer:[0.0, 9.69, 2.47]
Servo in:[90, 90, 90, 90, 80, 90, 5]
connected to:COM5Accelerometer:[2.2, 8.87, 2.08]
Servo in:[90, 90, 90, 90, 90, 90, 1]
Accelerometer:[0.27, 10.16, 1.88]
Servo in:[90, 90, 90, 90, 90, 90, 1]
Accelerometer:[-0.12, 10.12, 1.96]
Servo in:[90, 90, 90, 90, 80, 90, 5]
connected to:COM5Accelerometer:[2.82, 8.67, 2.04]
Servo in:[90, 90, 90, 90, 90, 90, 1]
Accelerometer:[0.04, 9.92, 1.8]
Servo in:[90, 90, 90, 90, 90, 90, 1]
Accelerometer:[0.08, 10.12, 1.96]
Servo in:[90, 90, 90, 90, 80, 90, 5]
connected to:COM5Accelerometer:[0.98, 9.89, 1.96]
Servo in:[90, 90, 90, 90, 90, 90, 1]
Accelerometer:[0.63, 10.04, 1.96]
Servo in:[90, 90, 90, 90, 90, 90, 1]
Accelerometer:[0.63, 10.08, 1.88]
Servo in:[90, 90, 90, 90, 80, 90, 5]
connected to:COM5Accelerometer:[1.02, 9.89, 2.08]
Servo in:[90, 90, 90, 90, 90, 90, 1]
Accelerometer:[0.59, 10.04, 1.88]
Servo in:[90, 90, 90, 90, 90, 90, 1]
Accelerometer:[0.51, 10.04, 1.96]
Servo in:[90, 90, 90, 90, 80, 90, 5]
connected to:COM5Accelerometer:[1.61, 9.96, 0.94]
Servo in:[90, 90, 90, 90, 90, 90, 1]
Accelerometer:[0.35, 10.0, 2.12]
Servo in:[90, 90, 90, 90, 90, 90, 1]
Accelerometer:[0.39, 10.04, 2.2]
Servo in:[90, 90, 90, 90, 80, 90, 5]
connected to:COM5Accelerometer:[0.24, 10.12, 2.24]
Servo in:[90, 90, 90, 90, 90, 90, 1]
Accelerometer:[0.35, 10.08, 2.04]
Servo in:[90, 90, 90, 90, 90, 90, 1]
Accelerometer:[0.35, 10.04, 2.08]
Servo in:[90, 90, 90, 90, 80, 90, 5]
connected to:COM5Accelerometer:[-0.08, 9.65, 2.51]
Servo in:[90, 90, 90, 90, 90, 90, 1]
Accelerometer:[0.51, 10.12, 2.04]
Servo in:[70, 90, 90, 90, 90, 90, 1]
connected to:COM5Accelerometer:[0.16, 10.16, 2.31]
Servo in:[90, 90, 90, 90, 90, 90, 1]
Accelerometer:[0.67, 10.0, 2.16]
Servo in:[70, 90, 90, 90, 90, 90, 1]
connected to:COM5Accelerometer:[1.69, 10.16, 2.04]
Servo in:[90, 90, 90, 90, 90, 90, 1]
Accelerometer:[-0.27, 10.04, 1.8]
Servo in:[70, 90, 90, 90, 90, 90, 1]
connected to:COM5Accelerometer:[7.96, 7.37, -7.65]
I have fallenAccelerometer:[-0.12, 10.16, 2.24]
Servo in:[90, 90, 90, 90, 90, 90, 1]
Back in serviceAccelerometer:[0.31, 10.08, 1.8]
Servo in:[91, 89, 90, 90, 90, 89, 1]
